<?xml version="1.0" encoding="UTF-8"?>
<!-- Generated by org.testng.reporters.JUnitReportReporter -->
<testsuite skipped="0" hostname="MOE-3196761055" name="sanity.SwagLabsWeb" tests="1" failures="0" timestamp="2022-03-11T18:18:57 IST" time="1.689" errors="0">
  <testcase name="test01_verifyHeader" time="1.689" classname="sanity.SwagLabsWeb"/>
</testsuite> <!-- sanity.SwagLabsWeb -->
