<?xml version="1.0" encoding="UTF-8"?>
<!-- Generated by org.testng.reporters.JUnitReportReporter -->
<testsuite skipped="0" hostname="MOE-3196761055" name="sanity.StudentsAPI" tests="4" failures="0" timestamp="2022-03-11T18:17:04 IST" time="38.684" errors="0">
  <testcase name="test01_verifyStudentName" time="34.043" classname="sanity.StudentsAPI"/>
  <testcase name="test03_updateStudentAndVerify" time="1.572" classname="sanity.StudentsAPI"/>
  <testcase name="test02_addStudentAndVerify" time="2.487" classname="sanity.StudentsAPI"/>
  <testcase name="test04_deleteStudentAndVerify" time="0.582" classname="sanity.StudentsAPI"/>
</testsuite> <!-- sanity.StudentsAPI -->
